<?xml version="1.0" encoding="UTF-8"?>
<!-- Generated by org.testng.reporters.JUnitXMLReporter -->
<testsuite ignored="0" hostname="Ashwinis-MacBook-Air.local" failures="2" tests="5" name="SafariSuite" time="445.043" errors="0" timestamp="2026-03-12T20:34:05 IST">
  <testcase classname="testCases.TC_LoginTest" name="verifyValidLogin" time="2.384">
    <failure type="java.lang.AssertionError" message="expected [true] but found [false]">
      <![CDATA[java.lang.AssertionError: expected [true] but found [false]
at testCases.TC_LoginTest.verifyValidLogin(TC_LoginTest.java:53)
at java.base/java.util.ArrayList.forEach(ArrayList.java:1511)
... Removed 35 stack frames]]>
    </failure>
  </testcase> <!-- verifyValidLogin -->
  <testcase classname="testCases.TC_LoginTest" name="verifyValidLogin" time="2.299"/>
  <testcase classname="testCases.TC_LoginTest" name="verifyValidLogin" time="2.252"/>
  <testcase classname="testCases.TC_LoginTest" name="verifyValidLogin" time="180.006">
    <failure type="org.openqa.selenium.TimeoutException" message="java.util.concurrent.TimeoutException
Build info: version: &amp;apos;4.39.0&amp;apos;, revision: &amp;apos;126f156aee&amp;apos;
System info: os.name: &amp;apos;Mac OS X&amp;apos;, os.arch: &amp;apos;aarch64&amp;apos;, os.version: &amp;apos;26.2&amp;apos;, java.version: &amp;apos;17.0.17&amp;apos;
Driver info: org.openqa.selenium.safari.SafariDriver
Command: [8AB1283F-54D6-4738-AD4C-FC5E3F7D13BB, findElement {value=//input[@placeholder=&amp;apos;Username&amp;apos;], using=xpath}]
Capabilities {acceptInsecureCerts: false, browserName: Safari, browserVersion: 26.2, platformName: mac, safari:automaticInspection: false, safari:automaticProfiling: false, safari:diagnose: false, safari:experimentalWebSocketUrl: false, safari:platformBuildVersion: 25C56, safari:platformVersion: 26.2, safari:useSimulator: false, setWindowRect: true, strictFileInteractability: false, webkit:WebRTC: {DisableICECandidateFiltering: false, DisableInsecureMediaCapture: false}, webkit:alwaysAllowAutoplay: false}
Session ID: 8AB1283F-54D6-4738-AD4C-FC5E3F7D13BB">
      <![CDATA[org.openqa.selenium.TimeoutException: java.util.concurrent.TimeoutException
Build info: version: '4.39.0', revision: '126f156aee'
System info: os.name: 'Mac OS X', os.arch: 'aarch64', os.version: '26.2', java.version: '17.0.17'
Driver info: org.openqa.selenium.safari.SafariDriver
Command: [8AB1283F-54D6-4738-AD4C-FC5E3F7D13BB, findElement {value=//input[@placeholder='Username'], using=xpath}]
Capabilities {acceptInsecureCerts: false, browserName: Safari, browserVersion: 26.2, platformName: mac, safari:automaticInspection: false, safari:automaticProfiling: false, safari:diagnose: false, safari:experimentalWebSocketUrl: false, safari:platformBuildVersion: 25C56, safari:platformVersion: 26.2, safari:useSimulator: false, setWindowRect: true, strictFileInteractability: false, webkit:WebRTC: {DisableICECandidateFiltering: false, DisableInsecureMediaCapture: false}, webkit:alwaysAllowAutoplay: false}
Session ID: 8AB1283F-54D6-4738-AD4C-FC5E3F7D13BB
at org.openqa.selenium.remote.http.jdk.JdkHttpClient.execute(JdkHttpClient.java:428)
at org.openqa.selenium.remote.HttpCommandExecutor.execute(HttpCommandExecutor.java:212)
at org.openqa.selenium.remote.service.DriverCommandExecutor.invokeExecute(DriverCommandExecutor.java:216)
at org.openqa.selenium.remote.service.DriverCommandExecutor.execute(DriverCommandExecutor.java:174)
at org.openqa.selenium.remote.RemoteWebDriver.execute(RemoteWebDriver.java:561)
at org.openqa.selenium.remote.ElementLocation$ElementFinder$2.findElement(ElementLocation.java:166)
at org.openqa.selenium.remote.ElementLocation.findElement(ElementLocation.java:60)
at org.openqa.selenium.remote.RemoteWebDriver.findElement(RemoteWebDriver.java:384)
at org.openqa.selenium.remote.RemoteWebDriver.findElement(RemoteWebDriver.java:378)
at org.openqa.selenium.support.pagefactory.DefaultElementLocator.findElement(DefaultElementLocator.java:68)
at org.openqa.selenium.support.pagefactory.internal.LocatingElementHandler.invoke(LocatingElementHandler.java:38)
at jdk.proxy2/jdk.proxy2.$Proxy29.isDisplayed(Unknown Source)
at org.openqa.selenium.support.ui.ExpectedConditions.elementIfVisible(ExpectedConditions.java:308)
at org.openqa.selenium.support.ui.ExpectedConditions$10.apply(ExpectedConditions.java:294)
at org.openqa.selenium.support.ui.ExpectedConditions$10.apply(ExpectedConditions.java:291)
at org.openqa.selenium.support.ui.FluentWait.until(FluentWait.java:203)
at pageObjects.BasePage.waitForVisibility(BasePage.java:61)
at pageObjects.LoginPage.waitForLoginPage(LoginPage.java:42)
at pageObjects.LoginPage.<init>(LoginPage.java:14)
at testCases.TC_LoginTest.verifyValidLogin(TC_LoginTest.java:19)
at java.base/java.util.ArrayList.forEach(ArrayList.java:1511)
Caused by: java.util.concurrent.TimeoutException
at java.base/java.util.concurrent.CompletableFuture$Timeout.run(CompletableFuture.java:2874)
at java.base/java.util.concurrent.Executors$RunnableAdapter.call(Executors.java:539)
at java.base/java.util.concurrent.FutureTask.run(FutureTask.java:264)
at java.base/java.util.concurrent.ScheduledThreadPoolExecutor$ScheduledFutureTask.run(ScheduledThreadPoolExecutor.java:304)
at java.base/java.util.concurrent.ThreadPoolExecutor.runWorker(ThreadPoolExecutor.java:1136)
at java.base/java.util.concurrent.ThreadPoolExecutor$Worker.run(ThreadPoolExecutor.java:635)
at java.base/java.lang.Thread.run(Thread.java:840)
... Removed 31 stack frames]]>
    </failure>
  </testcase> <!-- verifyValidLogin -->
  <testcase classname="testCases.TC_LoginTest" name="verifyValidLogin" time="1.75"/>
</testsuite> <!-- SafariSuite -->
