<?xml version="1.0" encoding="UTF-8"?>
<!-- Generated by org.testng.reporters.JUnitXMLReporter -->
<testsuite ignored="0" hostname="Ashwinis-MacBook-Air.local" failures="0" tests="5" name="LoginChromeTest" time="59.262" errors="0" timestamp="2026-03-09T21:04:20 IST">
  <testcase classname="testCases.TC_LoginTest" name="verifyValidLogin" time="2.292"/>
  <testcase classname="testCases.TC_LoginTest" name="verifyValidLogin" time="3.651"/>
  <testcase classname="testCases.TC_LoginTest" name="verifyValidLogin" time="1.957"/>
  <testcase classname="testCases.TC_LoginTest" name="verifyValidLogin" time="8.405"/>
  <testcase classname="testCases.TC_LoginTest" name="verifyValidLogin" time="4.07"/>
</testsuite> <!-- LoginChromeTest -->
