<?xml version="1.0" encoding="UTF-8"?>
<!-- Generated by org.testng.reporters.JUnitXMLReporter -->
<testsuite ignored="0" hostname="Ashwinis-MacBook-Air.local" failures="0" tests="5" name="LoginOperaTest" time="180.458" errors="0" timestamp="2026-03-09T19:06:16 IST">
  <testcase classname="testCases.TC_LoginTest" name="verifyValidLogin" time="0.0">
    <skipped/>
  </testcase> <!-- verifyValidLogin -->
  <testcase classname="testCases.TC_LoginTest" name="verifyValidLogin" time="0.0">
    <skipped/>
  </testcase> <!-- verifyValidLogin -->
  <testcase classname="testCases.TC_LoginTest" name="verifyValidLogin" time="0.0">
    <skipped/>
  </testcase> <!-- verifyValidLogin -->
  <testcase classname="testCases.TC_LoginTest" name="verifyValidLogin" time="0.0">
    <skipped/>
  </testcase> <!-- verifyValidLogin -->
  <testcase classname="testCases.TC_LoginTest" name="verifyValidLogin" time="0.0">
    <skipped/>
  </testcase> <!-- verifyValidLogin -->
</testsuite> <!-- LoginOperaTest -->
