<?xml version="1.0" encoding="UTF-8"?>
<!-- Generated by org.testng.reporters.JUnitXMLReporter -->
<testsuite ignored="0" hostname="Ashwinis-MacBook-Air.local" failures="0" tests="5" name="LoginFireFoxTest" time="64.466" errors="0" timestamp="2026-03-09T21:04:25 IST">
  <testcase classname="testCases.TC_LoginTest" name="verifyValidLogin" time="7.352"/>
  <testcase classname="testCases.TC_LoginTest" name="verifyValidLogin" time="1.998"/>
  <testcase classname="testCases.TC_LoginTest" name="verifyValidLogin" time="3.121"/>
  <testcase classname="testCases.TC_LoginTest" name="verifyValidLogin" time="2.657"/>
  <testcase classname="testCases.TC_LoginTest" name="verifyValidLogin" time="1.615"/>
</testsuite> <!-- LoginFireFoxTest -->
