<?xml version="1.0" encoding="UTF-8"?>
<!-- Generated by org.testng.reporters.JUnitXMLReporter -->
<testsuite ignored="0" hostname="Ashwinis-MacBook-Air.local" failures="1" tests="5" name="SafariSuite" time="132.2" errors="0" timestamp="2026-03-09T23:32:02 IST">
  <testcase classname="testCases.TC_LoginTest" name="verifyValidLogin" time="1.781">
    <failure type="java.lang.AssertionError" message="expected [true] but found [false]">
      <![CDATA[java.lang.AssertionError: expected [true] but found [false]
at testCases.TC_LoginTest.verifyValidLogin(TC_LoginTest.java:53)
at java.base/java.util.ArrayList.forEach(ArrayList.java:1511)
... Removed 31 stack frames]]>
    </failure>
  </testcase> <!-- verifyValidLogin -->
  <testcase classname="testCases.TC_LoginTest" name="verifyValidLogin" time="1.752"/>
  <testcase classname="testCases.TC_LoginTest" name="verifyValidLogin" time="1.192"/>
  <testcase classname="testCases.TC_LoginTest" name="verifyValidLogin" time="1.777"/>
  <testcase classname="testCases.TC_LoginTest" name="verifyValidLogin" time="2.24"/>
</testsuite> <!-- SafariSuite -->
