<?xml version="1.0" encoding="UTF-8"?>
<testsuite xmlns:xsi="http://www.w3.org/2001/XMLSchema-instance" xsi:noNamespaceSchemaLocation="https://maven.apache.org/surefire/maven-surefire-plugin/xsd/surefire-test-report.xsd" version="3.0.2" name="TestSuite" time="445.602" tests="5" errors="0" skipped="0" failures="2">
  <properties>
[...]
</properties>
  <testcase name="verifyValidLogin[Admin, admin123, valid, 1, utilities.ExcelUtility@554f0dfb](1)" classname="testCases.TC_LoginTest" time="5.395">
    <failure message="expected [true] but found [false]" type="java.lang.AssertionError"><![CDATA[java.lang.AssertionError: expected [true] but found [false]
	at org.testng.Assert.fail(Assert.java:111)
	at org.testng.Assert.failNotEquals(Assert.java:1590)
	at org.testng.Assert.assertTrue(Assert.java:57)
	at org.testng.Assert.assertTrue(Assert.java:67)
	at testCases.TC_LoginTest.verifyValidLogin(TC_LoginTest.java:53)
	at java.base/jdk.internal.reflect.NativeMethodAccessorImpl.invoke0(Native Method)
	at java.base/jdk.internal.reflect.NativeMethodAccessorImpl.invoke(NativeMethodAccessorImpl.java:77)
	at java.base/jdk.internal.reflect.DelegatingMethodAccessorImpl.invoke(DelegatingMethodAccessorImpl.java:43)
	at java.base/java.lang.reflect.Method.invoke(Method.java:569)
	at org.testng.internal.invokers.MethodInvocationHelper.invokeMethod(MethodInvocationHelper.java:141)
	at org.testng.internal.invokers.TestInvoker.invokeMethod(TestInvoker.java:687)
	at org.testng.internal.invokers.TestInvoker.invokeTestMethod(TestInvoker.java:230)
	at org.testng.internal.invokers.MethodRunner.runInSequence(MethodRunner.java:63)
	at org.testng.internal.invokers.TestInvoker$MethodInvocationAgent.invoke(TestInvoker.java:995)
	at org.testng.internal.invokers.TestInvoker.invokeTestMethods(TestInvoker.java:203)
	at org.testng.internal.invokers.TestMethodWorker.invokeTestMethods(TestMethodWorker.java:154)
	at org.testng.internal.invokers.TestMethodWorker.run(TestMethodWorker.java:134)
	at java.base/java.util.ArrayList.forEach(ArrayList.java:1511)
	at org.testng.TestRunner.privateRun(TestRunner.java:741)
	at org.testng.TestRunner.run(TestRunner.java:616)
	at org.testng.SuiteRunner.runTest(SuiteRunner.java:421)
	at org.testng.SuiteRunner.runSequentially(SuiteRunner.java:413)
	at org.testng.SuiteRunner.privateRun(SuiteRunner.java:373)
	at org.testng.SuiteRunner.run(SuiteRunner.java:312)
	at org.testng.SuiteRunnerWorker.runSuite(SuiteRunnerWorker.java:52)
	at org.testng.SuiteRunnerWorker.run(SuiteRunnerWorker.java:95)
	at org.testng.TestNG.runSuitesSequentially(TestNG.java:1274)
	at org.testng.TestNG.runSuitesLocally(TestNG.java:1208)
	at org.testng.TestNG.runSuites(TestNG.java:1112)
	at org.testng.TestNG.run(TestNG.java:1079)
	at org.apache.maven.surefire.testng.TestNGExecutor.run(TestNGExecutor.java:308)
	at org.apache.maven.surefire.testng.TestNGXmlTestSuite.execute(TestNGXmlTestSuite.java:71)
	at org.apache.maven.surefire.testng.TestNGProvider.invoke(TestNGProvider.java:113)
	at org.apache.maven.surefire.booter.ForkedBooter.runSuitesInProcess(ForkedBooter.java:385)
	at org.apache.maven.surefire.booter.ForkedBooter.execute(ForkedBooter.java:162)
	at org.apache.maven.surefire.booter.ForkedBooter.run(ForkedBooter.java:507)
	at org.apache.maven.surefire.booter.ForkedBooter.main(ForkedBooter.java:495)
]]></failure>
    <system-out><![CDATA[20:26:40.420 [main] DEBUG org.testng.TestNG - suiteXmlPath: "/Users/ashwinidevaraj/Desktop/VIJAY/selenium-framework-temp/safari.xml"
20:26:40.433 [main] INFO  org.testng.internal.Utils - [XmlSuite] [WARN] 'parallel' value 'false' is no longer valid, defaulting to 'none'.
20:26:40.475 [main] INFO  utilities.ExtentReportManager - Starting Extent Report initialization
20:26:40.525 [main] INFO  utilities.ExtentReportManager - Extent report initialized successfully
20:26:40.531 [main] INFO  utilities.DataProviders - Fetching data for sheet: verifyValidLogin
20:26:40.569 [main] DEBUG org.apache.poi.openxml4j.opc.PackageRelationshipCollection - Parsing relationship: /xl/_rels/workbook.xml.rels
20:26:40.570 [main] DEBUG org.apache.poi.openxml4j.opc.PackageRelationshipCollection - Parsing relationship: /_rels/.rels
20:26:40.709 [main] INFO  testCases.TC_LoginTest - Execution environment: local
20:26:40.710 [main] INFO  testCases.TC_LoginTest - Browser selected: safari
20:26:40.710 [main] INFO  testCases.TC_LoginTest - Initializing LOCAL execution on browser: safari
20:26:41.736 [main] INFO  testCases.TC_LoginTest - Driver initialized successfully
20:26:41.736 [main] INFO  testCases.TC_LoginTest - OS -->
20:26:46.014 [main] INFO  testCases.TC_LoginTest - Application launched: https://opensource-demo.orangehrmlive.com/web/index.php/auth/login
20:26:46.018 [main] INFO  utilities.ExtentReportManager - Starting test: verifyValidLogin
20:26:46.025 [main] INFO  testCases.TC_LoginTest - Starting login test
20:26:48.401 [main] ERROR utilities.ExtentReportManager - Test Failed: verifyValidLogin
20:26:48.403 [main] INFO  utilities.ExtentReportManager - Capturing screenshot for failed test
20:26:48.403 [main] INFO  utilities.ExtentReportManager - Driver instance: SafariDriver: Safari on mac (0E38C904-4B6A-4BE6-A1B8-3C421695A911)
20:26:48.404 [main] INFO  utilities.ScreenshotUtility - Capturing screenshot for test: verifyValidLogin
20:26:51.409 [main] INFO  utilities.ScreenshotUtility - Screenshot saved successfully at: /Users/ashwinidevaraj/Desktop/VIJAY/selenium-framework-temp/screenshots/verifyValidLogin_20260312202648.png
20:26:51.410 [main] INFO  utilities.ExtentReportManager - Screenshot attached to report: /Users/ashwinidevaraj/Desktop/VIJAY/selenium-framework-temp/screenshots/verifyValidLogin_20260312202648.png
]]></system-out>
  </testcase>
  <testcase name="verifyValidLogin[Admin, wrongpass, invalid, 2, utilities.ExcelUtility@554f0dfb](2)" classname="testCases.TC_LoginTest" time="2.3">
    <system-out><![CDATA[20:26:51.413 [main] INFO  testCases.TC_LoginTest - Closing browser session
20:27:01.524 [main] INFO  testCases.TC_LoginTest - Browser closed successfully
20:27:01.529 [main] INFO  testCases.TC_LoginTest - Execution environment: local
20:27:01.529 [main] INFO  testCases.TC_LoginTest - Browser selected: safari
20:27:01.530 [main] INFO  testCases.TC_LoginTest - Initializing LOCAL execution on browser: safari
20:27:02.425 [main] INFO  testCases.TC_LoginTest - Driver initialized successfully
20:27:02.425 [main] INFO  testCases.TC_LoginTest - OS -->
20:27:06.803 [main] INFO  testCases.TC_LoginTest - Application launched: https://opensource-demo.orangehrmlive.com/web/index.php/auth/login
20:27:06.804 [main] INFO  utilities.ExtentReportManager - Starting test: verifyValidLogin
20:27:06.806 [main] INFO  testCases.TC_LoginTest - Starting login test
20:27:09.104 [main] INFO  utilities.ExtentReportManager - Test Passed: verifyValidLogin
]]></system-out>
  </testcase>
  <testcase name="verifyValidLogin[wronguser, admin123, invalid, 3, utilities.ExcelUtility@554f0dfb](3)" classname="testCases.TC_LoginTest" time="2.252">
    <system-out><![CDATA[20:27:09.105 [main] INFO  testCases.TC_LoginTest - Closing browser session
20:27:19.328 [main] INFO  testCases.TC_LoginTest - Browser closed successfully
20:27:19.332 [main] INFO  testCases.TC_LoginTest - Execution environment: local
20:27:19.333 [main] INFO  testCases.TC_LoginTest - Browser selected: safari
20:27:19.333 [main] INFO  testCases.TC_LoginTest - Initializing LOCAL execution on browser: safari
20:27:20.246 [main] INFO  testCases.TC_LoginTest - Driver initialized successfully
20:27:20.246 [main] INFO  testCases.TC_LoginTest - OS -->
20:27:25.334 [main] INFO  testCases.TC_LoginTest - Application launched: https://opensource-demo.orangehrmlive.com/web/index.php/auth/login
20:27:25.336 [main] INFO  utilities.ExtentReportManager - Starting test: verifyValidLogin
20:27:25.336 [main] INFO  testCases.TC_LoginTest - Starting login test
20:27:27.587 [main] INFO  utilities.ExtentReportManager - Test Passed: verifyValidLogin
]]></system-out>
  </testcase>
  <testcase name="verifyValidLogin[, admin123, invalid, 4, utilities.ExcelUtility@554f0dfb](4)" classname="testCases.TC_LoginTest" time="355.434">
    <failure message="java.util.concurrent.TimeoutException&#10;Build info: version: &apos;4.39.0&apos;, revision: &apos;126f156aee&apos;&#10;System info: os.name: &apos;Mac OS X&apos;, os.arch: &apos;aarch64&apos;, os.version: &apos;26.2&apos;, java.version: &apos;17.0.17&apos;&#10;Driver info: org.openqa.selenium.safari.SafariDriver&#10;Command: [8AB1283F-54D6-4738-AD4C-FC5E3F7D13BB, findElement {value=//input[@placeholder=&apos;Username&apos;], using=xpath}]&#10;Capabilities {acceptInsecureCerts: false, browserName: Safari, browserVersion: 26.2, platformName: mac, safari:automaticInspection: false, safari:automaticProfiling: false, safari:diagnose: false, safari:experimentalWebSocketUrl: false, safari:platformBuildVersion: 25C56, safari:platformVersion: 26.2, safari:useSimulator: false, setWindowRect: true, strictFileInteractability: false, webkit:WebRTC: {DisableICECandidateFiltering: false, DisableInsecureMediaCapture: false}, webkit:alwaysAllowAutoplay: false}&#10;Session ID: 8AB1283F-54D6-4738-AD4C-FC5E3F7D13BB" type="org.openqa.selenium.TimeoutException"><![CDATA[org.openqa.selenium.TimeoutException: 
java.util.concurrent.TimeoutException
Build info: version: '4.39.0', revision: '126f156aee'
System info: os.name: 'Mac OS X', os.arch: 'aarch64', os.version: '26.2', java.version: '17.0.17'
Driver info: org.openqa.selenium.safari.SafariDriver
Command: [8AB1283F-54D6-4738-AD4C-FC5E3F7D13BB, findElement {value=//input[@placeholder='Username'], using=xpath}]
Capabilities {acceptInsecureCerts: false, browserName: Safari, browserVersion: 26.2, platformName: mac, safari:automaticInspection: false, safari:automaticProfiling: false, safari:diagnose: false, safari:experimentalWebSocketUrl: false, safari:platformBuildVersion: 25C56, safari:platformVersion: 26.2, safari:useSimulator: false, setWindowRect: true, strictFileInteractability: false, webkit:WebRTC: {DisableICECandidateFiltering: false, DisableInsecureMediaCapture: false}, webkit:alwaysAllowAutoplay: false}
Session ID: 8AB1283F-54D6-4738-AD4C-FC5E3F7D13BB
	at org.openqa.selenium.remote.http.jdk.JdkHttpClient.execute(JdkHttpClient.java:428)
	at org.openqa.selenium.remote.HttpCommandExecutor.execute(HttpCommandExecutor.java:212)
	at org.openqa.selenium.remote.service.DriverCommandExecutor.invokeExecute(DriverCommandExecutor.java:216)
	at org.openqa.selenium.remote.service.DriverCommandExecutor.execute(DriverCommandExecutor.java:174)
	at org.openqa.selenium.remote.RemoteWebDriver.execute(RemoteWebDriver.java:561)
	at org.openqa.selenium.remote.ElementLocation$ElementFinder$2.findElement(ElementLocation.java:166)
	at org.openqa.selenium.remote.ElementLocation.findElement(ElementLocation.java:60)
	at org.openqa.selenium.remote.RemoteWebDriver.findElement(RemoteWebDriver.java:384)
	at org.openqa.selenium.remote.RemoteWebDriver.findElement(RemoteWebDriver.java:378)
	at org.openqa.selenium.support.pagefactory.DefaultElementLocator.findElement(DefaultElementLocator.java:68)
	at org.openqa.selenium.support.pagefactory.internal.LocatingElementHandler.invoke(LocatingElementHandler.java:38)
	at jdk.proxy2/jdk.proxy2.$Proxy29.isDisplayed(Unknown Source)
	at org.openqa.selenium.support.ui.ExpectedConditions.elementIfVisible(ExpectedConditions.java:308)
	at org.openqa.selenium.support.ui.ExpectedConditions$10.apply(ExpectedConditions.java:294)
	at org.openqa.selenium.support.ui.ExpectedConditions$10.apply(ExpectedConditions.java:291)
	at org.openqa.selenium.support.ui.FluentWait.until(FluentWait.java:203)
	at pageObjects.BasePage.waitForVisibility(BasePage.java:61)
	at pageObjects.LoginPage.waitForLoginPage(LoginPage.java:42)
	at pageObjects.LoginPage.<init>(LoginPage.java:14)
	at testCases.TC_LoginTest.verifyValidLogin(TC_LoginTest.java:19)
	at java.base/jdk.internal.reflect.NativeMethodAccessorImpl.invoke0(Native Method)
	at java.base/jdk.internal.reflect.NativeMethodAccessorImpl.invoke(NativeMethodAccessorImpl.java:77)
	at java.base/jdk.internal.reflect.DelegatingMethodAccessorImpl.invoke(DelegatingMethodAccessorImpl.java:43)
	at java.base/java.lang.reflect.Method.invoke(Method.java:569)
	at org.testng.internal.invokers.MethodInvocationHelper.invokeMethod(MethodInvocationHelper.java:141)
	at org.testng.internal.invokers.TestInvoker.invokeMethod(TestInvoker.java:687)
	at org.testng.internal.invokers.TestInvoker.invokeTestMethod(TestInvoker.java:230)
	at org.testng.internal.invokers.MethodRunner.runInSequence(MethodRunner.java:63)
	at org.testng.internal.invokers.TestInvoker$MethodInvocationAgent.invoke(TestInvoker.java:995)
	at org.testng.internal.invokers.TestInvoker.invokeTestMethods(TestInvoker.java:203)
	at org.testng.internal.invokers.TestMethodWorker.invokeTestMethods(TestMethodWorker.java:154)
	at org.testng.internal.invokers.TestMethodWorker.run(TestMethodWorker.java:134)
	at java.base/java.util.ArrayList.forEach(ArrayList.java:1511)
	at org.testng.TestRunner.privateRun(TestRunner.java:741)
	at org.testng.TestRunner.run(TestRunner.java:616)
	at org.testng.SuiteRunner.runTest(SuiteRunner.java:421)
	at org.testng.SuiteRunner.runSequentially(SuiteRunner.java:413)
	at org.testng.SuiteRunner.privateRun(SuiteRunner.java:373)
	at org.testng.SuiteRunner.run(SuiteRunner.java:312)
	at org.testng.SuiteRunnerWorker.runSuite(SuiteRunnerWorker.java:52)
	at org.testng.SuiteRunnerWorker.run(SuiteRunnerWorker.java:95)
	at org.testng.TestNG.runSuitesSequentially(TestNG.java:1274)
	at org.testng.TestNG.runSuitesLocally(TestNG.java:1208)
	at org.testng.TestNG.runSuites(TestNG.java:1112)
	at org.testng.TestNG.run(TestNG.java:1079)
	at org.apache.maven.surefire.testng.TestNGExecutor.run(TestNGExecutor.java:308)
	at org.apache.maven.surefire.testng.TestNGXmlTestSuite.execute(TestNGXmlTestSuite.java:71)
	at org.apache.maven.surefire.testng.TestNGProvider.invoke(TestNGProvider.java:113)
	at org.apache.maven.surefire.booter.ForkedBooter.runSuitesInProcess(ForkedBooter.java:385)
	at org.apache.maven.surefire.booter.ForkedBooter.execute(ForkedBooter.java:162)
	at org.apache.maven.surefire.booter.ForkedBooter.run(ForkedBooter.java:507)
	at org.apache.maven.surefire.booter.ForkedBooter.main(ForkedBooter.java:495)
Caused by: java.util.concurrent.TimeoutException
	at java.base/java.util.concurrent.CompletableFuture$Timeout.run(CompletableFuture.java:2874)
	at java.base/java.util.concurrent.Executors$RunnableAdapter.call(Executors.java:539)
	at java.base/java.util.concurrent.FutureTask.run(FutureTask.java:264)
	at java.base/java.util.concurrent.ScheduledThreadPoolExecutor$ScheduledFutureTask.run(ScheduledThreadPoolExecutor.java:304)
	at java.base/java.util.concurrent.ThreadPoolExecutor.runWorker(ThreadPoolExecutor.java:1136)
	at java.base/java.util.concurrent.ThreadPoolExecutor$Worker.run(ThreadPoolExecutor.java:635)
	at java.base/java.lang.Thread.run(Thread.java:840)
]]></failure>
    <system-out><![CDATA[20:27:27.588 [main] INFO  testCases.TC_LoginTest - Closing browser session
20:27:37.816 [main] INFO  testCases.TC_LoginTest - Browser closed successfully
20:27:37.820 [main] INFO  testCases.TC_LoginTest - Execution environment: local
20:27:37.821 [main] INFO  testCases.TC_LoginTest - Browser selected: safari
20:27:37.821 [main] INFO  testCases.TC_LoginTest - Initializing LOCAL execution on browser: safari
20:27:38.708 [main] INFO  testCases.TC_LoginTest - Driver initialized successfully
20:27:38.708 [main] INFO  testCases.TC_LoginTest - OS -->
20:27:42.785 [main] INFO  testCases.TC_LoginTest - Application launched: https://opensource-demo.orangehrmlive.com/web/index.php/auth/login
20:27:42.786 [main] INFO  utilities.ExtentReportManager - Starting test: verifyValidLogin
20:27:42.787 [main] INFO  testCases.TC_LoginTest - Starting login test
20:30:42.793 [main] ERROR utilities.ExtentReportManager - Test Failed: verifyValidLogin
20:30:42.796 [main] INFO  utilities.ExtentReportManager - Capturing screenshot for failed test
20:30:42.796 [main] INFO  utilities.ExtentReportManager - Driver instance: SafariDriver: Safari on mac (8AB1283F-54D6-4738-AD4C-FC5E3F7D13BB)
20:30:42.797 [main] INFO  utilities.ScreenshotUtility - Capturing screenshot for test: verifyValidLogin
20:33:38.217 [main] INFO  utilities.ScreenshotUtility - Screenshot saved successfully at: /Users/ashwinidevaraj/Desktop/VIJAY/selenium-framework-temp/screenshots/verifyValidLogin_20260312203042.png
20:33:38.218 [main] INFO  utilities.ExtentReportManager - Screenshot attached to report: /Users/ashwinidevaraj/Desktop/VIJAY/selenium-framework-temp/screenshots/verifyValidLogin_20260312203042.png
]]></system-out>
  </testcase>
  <testcase name="verifyValidLogin[Admin, , invalid, 5, utilities.ExcelUtility@554f0dfb](5)" classname="testCases.TC_LoginTest" time="1.752">
    <system-out><![CDATA[20:33:38.220 [main] INFO  testCases.TC_LoginTest - Closing browser session
20:33:48.450 [main] INFO  testCases.TC_LoginTest - Browser closed successfully
20:33:48.453 [main] INFO  testCases.TC_LoginTest - Execution environment: local
20:33:48.454 [main] INFO  testCases.TC_LoginTest - Browser selected: safari
20:33:48.454 [main] INFO  testCases.TC_LoginTest - Initializing LOCAL execution on browser: safari
20:33:49.411 [main] INFO  testCases.TC_LoginTest - Driver initialized successfully
20:33:49.411 [main] INFO  testCases.TC_LoginTest - OS -->
20:33:53.537 [main] INFO  testCases.TC_LoginTest - Application launched: https://opensource-demo.orangehrmlive.com/web/index.php/auth/login
20:33:53.538 [main] INFO  utilities.ExtentReportManager - Starting test: verifyValidLogin
20:33:53.539 [main] INFO  testCases.TC_LoginTest - Starting login test
20:33:55.289 [main] INFO  utilities.ExtentReportManager - Test Passed: verifyValidLogin
]]></system-out>
  </testcase>
</testsuite>